e:\lib\windows\common\debug\vc120.pdb
e:\lib\windows\common\debug\vc120.idb
e:\lib\windows\common\debug\disasm.obj
e:\lib\windows\common\debug\dsasm_functions.obj
e:\lib\windows\common\debug\driverutil.obj
e:\lib\windows\common\debug\elffile.obj
e:\lib\windows\common\debug\fileutil.obj
e:\lib\windows\common\debug\hardbreakpoint.obj
e:\lib\windows\common\debug\injectutil.obj
e:\lib\windows\common\debug\iocpserver.obj
e:\lib\windows\common\debug\membreakpoint.obj
e:\lib\windows\common\debug\packet.obj
e:\lib\windows\common\debug\packetfactory.obj
e:\lib\windows\common\debug\pefile.obj
e:\lib\windows\common\debug\loadpe.obj
e:\lib\windows\common\debug\sha1.obj
e:\lib\windows\common\debug\snapshoot.obj
e:\lib\windows\common\debug\socket.obj
e:\lib\windows\common\debug\softbreakpoint.obj
e:\lib\windows\common\debug\stringa.obj
e:\lib\windows\common\debug\stringw.obj
e:\lib\windows\common\debug\threadpool.obj
e:\lib\windows\common\debug\breakpoint.obj
e:\lib\windows\common\debug\buffer.obj
e:\lib\windows\common\debug\clientmanager.obj
e:\lib\windows\common\debug\config.obj
e:\lib\windows\common\debug\dbobject.obj
e:\lib\windows\common\debug\dbutilpool.obj
e:\lib\windows\common\debug\custompacket.obj
e:\lib\windows\common\debug\dbutil.obj
e:\lib\windows\common\debug\debugger.obj
e:\lib\windows\common\debug\dexfile.obj
e:\lib\windows\common\debug\decode2asm.obj
e:\lib\windows\common\debug\drivermanager.obj
f:\cracking\program\remote\remote\debug\common.lib
e:\lib\windows\common\debug\common.lib
e:\lib\windows\common\debug\msado15.tli
e:\lib\windows\common\debug\msado15.tlh
e:\lib\windows\common\debug\common.tlog\cl.command.1.tlog
e:\lib\windows\common\debug\common.tlog\cl.read.1.tlog
e:\lib\windows\common\debug\common.tlog\cl.write.1.tlog
e:\lib\windows\common\debug\common.tlog\lib-link.read.1.tlog
e:\lib\windows\common\debug\common.tlog\lib-link.write.1.tlog
e:\lib\windows\common\debug\common.tlog\lib.command.1.tlog
